
> erp-desdobra@0.1.0 dev
> next dev

▲ Next.js 16.1.0 (Turbopack)
- Local:         http://localhost:3000
- Network:       http://192.168.0.129:3000
- Environments: .env.local

✓ Starting...
⚠ The "middleware" file convention is deprecated. Please use "proxy" instead. Learn more: https://nextjs.org/docs/messages/middleware-to-proxy
✓ Ready in 428ms
○ Compiling / ...

-----
[1m[31mFATAL[39m[0m: An unexpected Turbopack error occurred. A panic log has been written to /var/folders/br/3gg81mgs57z6w8h64_hylvwm0000gn/T/next-panic-1434d1d6ce2cc046990198038307bd4b.log.

To help make Turbopack better, report this error by ]8;;https://github.com/vercel/next.js/discussions/new?category=turbopack-error-report&title=Turbopack%20Error%3A%20Failed%20to%20write%20app%20endpoint%20%2Fpage&body=Turbopack%20version%3A%20%60v16.1.0-canary.22-36-g1427bf872%60%0ANext.js%20version%3A%20%600.0.0%60%0A%0AError%20message%3A%0A%60%60%60%0AFailed%20to%20write%20app%20endpoint%20%2Fpage%0A%0ACaused%20by%3A%0A-%20%5Bproject%5D%2Fapp%2Fglobals.css%20%5Bapp-client%5D%20%28css%29%0A-%20failed%20to%20receive%20message%0A-%20reading%20packet%20length%0A-%20unexpected%20end%20of%20file%0A%0ADebug%20info%3A%0A-%20Execution%20of%20get_written_endpoint_with_issues_operation%20failed%0A-%20Execution%20of%20endpoint_write_to_disk%20failed%0A-%20Execution%20of%20%3CAppEndpoint%20as%20Endpoint%3E%3A%3Aoutput%20failed%0A-%20Failed%20to%20write%20app%20endpoint%20%2Fpage%0A-%20Execution%20of%20AppEndpoint%3A%3Aoutput%20failed%0A-%20Execution%20of%20AppProject%3A%3Aapp_module_graphs%20failed%0A-%20Execution%20of%20%2A%3CAppEndpoint%20as%20Endpoint%3E%3A%3Aadditional_entries%20failed%0A-%20Execution%20of%20%2AModuleGraph%3A%3Afrom_graphs%20failed%0A-%20Execution%20of%20SingleModuleGraph%3A%3Anew_with_entries_visited_intern%20failed%0A-%20%5Bproject%5D%2Fapp%2Fglobals.css%20%5Bapp-client%5D%20%28css%29%0A-%20Execution%20of%20primary_chunkable_referenced_modules%20failed%0A-%20Execution%20of%20%3CCssModuleAsset%20as%20Module%3E%3A%3Areferences%20failed%0A-%20Execution%20of%20parse_css%20failed%0A-%20Execution%20of%20%3CPostCssTransformedAsset%20as%20Asset%3E%3A%3Acontent%20failed%0A-%20Execution%20of%20PostCssTransformedAsset%3A%3Aprocess%20failed%0A-%20Execution%20of%20evaluate_webpack_loader%20failed%0A-%20failed%20to%20receive%20message%0A-%20reading%20packet%20length%0A-%20unexpected%20end%20of%20file%0A%60%60%60&labels=Turbopack,Turbopack%20Panic%20Backtrace\clicking here.]8;;\
-----

 GET / 500 in 3.0min (compile: 3.0min, proxy.ts: 46ms, render: 3ms)
Persisting failed: Unable to open static sorted file referenced from 00000029.meta

Caused by:
    0: Unable to open static sorted file 00000026.sst
    1: No such file or directory (os error 2)
Persisting failed: Another write batch or compaction is already active (Only a single write operations is allowed at a time)

-----
[1m[31mFATAL[39m[0m: An unexpected Turbopack error occurred. A panic log has been written to /var/folders/br/3gg81mgs57z6w8h64_hylvwm0000gn/T/next-panic-1434d1d6ce2cc046990198038307bd4b.log.

To help make Turbopack better, report this error by ]8;;https://github.com/vercel/next.js/discussions/new?category=turbopack-error-report&title=Turbopack%20Error%3A%20Failed%20to%20write%20app%20endpoint%20%2Fpage&body=Turbopack%20version%3A%20%60v16.1.0-canary.22-36-g1427bf872%60%0ANext.js%20version%3A%20%600.0.0%60%0A%0AError%20message%3A%0A%60%60%60%0AFailed%20to%20write%20app%20endpoint%20%2Fpage%0A%0ACaused%20by%3A%0A-%20%5Bproject%5D%2Fapp%2Fglobals.css%20%5Bapp-client%5D%20%28css%29%0A-%20failed%20to%20receive%20message%0A-%20reading%20packet%20length%0A-%20unexpected%20end%20of%20file%0A%0ADebug%20info%3A%0A-%20Execution%20of%20get_written_endpoint_with_issues_operation%20failed%0A-%20Execution%20of%20endpoint_write_to_disk%20failed%0A-%20Execution%20of%20%3CAppEndpoint%20as%20Endpoint%3E%3A%3Aoutput%20failed%0A-%20Failed%20to%20write%20app%20endpoint%20%2Fpage%0A-%20Execution%20of%20AppEndpoint%3A%3Aoutput%20failed%0A-%20Execution%20of%20AppProject%3A%3Aapp_module_graphs%20failed%0A-%20Execution%20of%20%2A%3CAppEndpoint%20as%20Endpoint%3E%3A%3Aadditional_entries%20failed%0A-%20Execution%20of%20%2AModuleGraph%3A%3Afrom_graphs%20failed%0A-%20Execution%20of%20SingleModuleGraph%3A%3Anew_with_entries_visited_intern%20failed%0A-%20%5Bproject%5D%2Fapp%2Fglobals.css%20%5Bapp-client%5D%20%28css%29%0A-%20Execution%20of%20primary_chunkable_referenced_modules%20failed%0A-%20Execution%20of%20%3CCssModuleAsset%20as%20Module%3E%3A%3Areferences%20failed%0A-%20Execution%20of%20parse_css%20failed%0A-%20Execution%20of%20%3CPostCssTransformedAsset%20as%20Asset%3E%3A%3Acontent%20failed%0A-%20Execution%20of%20PostCssTransformedAsset%3A%3Aprocess%20failed%0A-%20Execution%20of%20evaluate_webpack_loader%20failed%0A-%20failed%20to%20receive%20message%0A-%20reading%20packet%20length%0A-%20unexpected%20end%20of%20file%0A%60%60%60&labels=Turbopack,Turbopack%20Panic%20Backtrace\clicking here.]8;;\
-----

⨯ Error: ENOENT: no such file or directory, open '/Users/tago/Documents/MARTIGRAN/APPS/ERP_DESDOBRA/.next/dev/server/pages/_app/build-manifest.json'
    at ignore-listed frames {
  errno: -2,
  code: 'ENOENT',
  syscall: 'open',
  path: '/Users/tago/Documents/MARTIGRAN/APPS/ERP_DESDOBRA/.next/dev/server/pages/_app/build-manifest.json'
}
Error [TurbopackInternalError]: Failed to write app endpoint /page

Caused by:
- [project]/app/globals.css [app-client] (css)
- failed to receive message
- reading packet length
- unexpected end of file

Debug info:
- Execution of get_written_endpoint_with_issues_operation failed
- Execution of endpoint_write_to_disk failed
- Execution of <AppEndpoint as Endpoint>::output failed
- Failed to write app endpoint /page
- Execution of AppEndpoint::output failed
- Execution of AppProject::app_module_graphs failed
- Execution of *<AppEndpoint as Endpoint>::additional_entries failed
- Execution of *ModuleGraph::from_graphs failed
- Execution of SingleModuleGraph::new_with_entries_visited_intern failed
- [project]/app/globals.css [app-client] (css)
- Execution of primary_chunkable_referenced_modules failed
- Execution of <CssModuleAsset as Module>::references failed
- Execution of parse_css failed
- Execution of <PostCssTransformedAsset as Asset>::content failed
- Execution of PostCssTransformedAsset::process failed
- Execution of evaluate_webpack_loader failed
- failed to receive message
- reading packet length
- unexpected end of file
    at <unknown> (TurbopackInternalError: Failed to write app endpoint /page) {
  location: undefined
}
⨯ Error: ENOENT: no such file or directory, open '/Users/tago/Documents/MARTIGRAN/APPS/ERP_DESDOBRA/.next/dev/server/pages/_app/build-manifest.json'
    at ignore-listed frames {
  errno: -2,
  code: 'ENOENT',
  syscall: 'open',
  path: '/Users/tago/Documents/MARTIGRAN/APPS/ERP_DESDOBRA/.next/dev/server/pages/_app/build-manifest.json'
}
Error: ENOENT: no such file or directory, open '/Users/tago/Documents/MARTIGRAN/APPS/ERP_DESDOBRA/.next/dev/server/pages/_app/build-manifest.json'
    at ignore-listed frames {
  errno: -2,
  code: 'ENOENT',
  syscall: 'open',
  path: '/Users/tago/Documents/MARTIGRAN/APPS/ERP_DESDOBRA/.next/dev/server/pages/_app/build-manifest.json'
}
Persisting failed: Another write batch or compaction is already active (Only a single write operations is allowed at a time)
