[2025-12-27 13:30:01] Changes detected. Syncing to GitHub...
[main 17bac53] Auto-sync: 2025-12-27 13:30:01
 Committer: Tiago Martini <tago@MacBook-Pro-de-Tiago.local>
Your name and email address were configured automatically based
on your username and hostname. Please check that they are accurate.
You can suppress this message by setting them explicitly. Run the
following command and follow the instructions in your editor to edit
your configuration file:

    git config --global --edit

After doing this, you may fix the identity used for this commit with:

    git commit --amend --reset-author

 8 files changed, 58 insertions(+), 17 deletions(-)
 create mode 100644 scripts/git-sync.log
 create mode 100644 supabase/migrations/20251227140000_grant_route_product_aggregation_permissions.sql
fatal: could not read Username for 'https://github.com': Device not configured
[2025-12-27 13:30:01] Sync complete.
[2025-12-27 14:00:00] Changes detected. Syncing to GitHub...
[main 7d3b919] Auto-sync: 2025-12-27 14:00:00
 Committer: Tiago Martini <tago@MacBook-Pro-de-Tiago.local>
Your name and email address were configured automatically based
on your username and hostname. Please check that they are accurate.
You can suppress this message by setting them explicitly. Run the
following command and follow the instructions in your editor to edit
your configuration file:

    git config --global --edit

After doing this, you may fix the identity used for this commit with:

    git commit --amend --reset-author

 5 files changed, 84 insertions(+), 8 deletions(-)
 create mode 100644 supabase/migrations/20251227150000_fix_route_product_aggregation.sql
fatal: could not read Username for 'https://github.com': Device not configured
[2025-12-27 14:00:00] Sync complete.
[2025-12-27 14:30:00] Changes detected. Syncing to GitHub...
[main 1e832d5] Auto-sync: 2025-12-27 14:30:00
 Committer: Tiago Martini <tago@MacBook-Pro-de-Tiago.local>
Your name and email address were configured automatically based
on your username and hostname. Please check that they are accurate.
You can suppress this message by setting them explicitly. Run the
following command and follow the instructions in your editor to edit
your configuration file:

    git config --global --edit

After doing this, you may fix the identity used for this commit with:

    git commit --amend --reset-author

 9 files changed, 450 insertions(+), 57 deletions(-)
 create mode 100644 supabase/migrations/20251227140808_title_case_enforcement.sql
 create mode 100644 supabase/migrations/20251227141358_add_packaging_dimensions.sql
 create mode 100644 supabase/migrations/20251227141633_ensure_instagram_column.sql
fatal: could not read Username for 'https://github.com': Device not configured
[2025-12-27 14:30:00] Sync complete.
[2025-12-27 15:00:00] Changes detected. Syncing to GitHub...
[main 60fc59d] Auto-sync: 2025-12-27 15:00:00
 Committer: Tiago Martini <tago@MacBook-Pro-de-Tiago.local>
Your name and email address were configured automatically based
on your username and hostname. Please check that they are accurate.
You can suppress this message by setting them explicitly. Run the
following command and follow the instructions in your editor to edit
your configuration file:

    git config --global --edit

After doing this, you may fix the identity used for this commit with:

    git commit --amend --reset-author

 7 files changed, 270 insertions(+), 125 deletions(-)
fatal: could not read Username for 'https://github.com': Device not configured
[2025-12-27 15:00:00] Sync complete.
[2025-12-27 15:33:17] Changes detected. Syncing to GitHub...
